[08-Mar-2022 01:07:25 America/Chicago] PHP Warning:  include(/home2/u9ak0fjx/public_html/vendor/composer/../../app/Http/Kernel.php): failed to open stream: No such file or directory in /home2/u9ak0fjx/public_html/vendor/composer/ClassLoader.php on line 444
[08-Mar-2022 01:07:25 America/Chicago] PHP Warning:  include(/home2/u9ak0fjx/public_html/vendor/composer/../../app/Http/Kernel.php): failed to open stream: No such file or directory in /home2/u9ak0fjx/public_html/vendor/composer/ClassLoader.php on line 444
[08-Mar-2022 01:07:25 America/Chicago] PHP Warning:  include(): Failed opening '/home2/u9ak0fjx/public_html/vendor/composer/../../app/Http/Kernel.php' for inclusion (include_path='.:/opt/cpanel/ea-php74/root/usr/share/pear') in /home2/u9ak0fjx/public_html/vendor/composer/ClassLoader.php on line 444
[08-Mar-2022 01:07:25 America/Chicago] PHP Fatal error:  Uncaught ReflectionException: Class App\Http\Kernel does not exist in /home2/u9ak0fjx/public_html/vendor/laravel/framework/src/Illuminate/Container/Container.php:809
Stack trace:
#0 /home2/u9ak0fjx/public_html/vendor/laravel/framework/src/Illuminate/Container/Container.php(809): ReflectionClass->__construct('App\\Http\\Kernel')
#1 /home2/u9ak0fjx/public_html/vendor/laravel/framework/src/Illuminate/Container/Container.php(691): Illuminate\Container\Container->build('App\\Http\\Kernel')
#2 /home2/u9ak0fjx/public_html/vendor/laravel/framework/src/Illuminate/Foundation/Application.php(796): Illuminate\Container\Container->resolve('App\\Http\\Kernel', Array, false)
#3 /home2/u9ak0fjx/public_html/vendor/laravel/framework/src/Illuminate/Container/Container.php(269): Illuminate\Foundation\Application->resolve('App\\Http\\Kernel', Array, false)
#4 /home2/u9ak0fjx/public_html/vendor/laravel/framework/src/Illuminate/Container/Container.php(805): Illuminate\Container\Container->Illuminate\Container\{closure}(Object(Illum in /home2/u9ak0fjx/public_html/vendor/laravel/framework/src/Illuminate/Container/Container.php on line 811
[08-Mar-2022 01:08:16 America/Chicago] PHP Warning:  include(/home2/u9ak0fjx/public_html/vendor/composer/../../app/Http/Kernel.php): failed to open stream: No such file or directory in /home2/u9ak0fjx/public_html/vendor/composer/ClassLoader.php on line 444
[08-Mar-2022 01:08:16 America/Chicago] PHP Warning:  include(/home2/u9ak0fjx/public_html/vendor/composer/../../app/Http/Kernel.php): failed to open stream: No such file or directory in /home2/u9ak0fjx/public_html/vendor/composer/ClassLoader.php on line 444
[08-Mar-2022 01:08:16 America/Chicago] PHP Warning:  include(): Failed opening '/home2/u9ak0fjx/public_html/vendor/composer/../../app/Http/Kernel.php' for inclusion (include_path='.:/opt/cpanel/ea-php74/root/usr/share/pear') in /home2/u9ak0fjx/public_html/vendor/composer/ClassLoader.php on line 444
[08-Mar-2022 01:08:16 America/Chicago] PHP Fatal error:  Uncaught ReflectionException: Class App\Http\Kernel does not exist in /home2/u9ak0fjx/public_html/vendor/laravel/framework/src/Illuminate/Container/Container.php:809
Stack trace:
#0 /home2/u9ak0fjx/public_html/vendor/laravel/framework/src/Illuminate/Container/Container.php(809): ReflectionClass->__construct('App\\Http\\Kernel')
#1 /home2/u9ak0fjx/public_html/vendor/laravel/framework/src/Illuminate/Container/Container.php(691): Illuminate\Container\Container->build('App\\Http\\Kernel')
#2 /home2/u9ak0fjx/public_html/vendor/laravel/framework/src/Illuminate/Foundation/Application.php(796): Illuminate\Container\Container->resolve('App\\Http\\Kernel', Array, false)
#3 /home2/u9ak0fjx/public_html/vendor/laravel/framework/src/Illuminate/Container/Container.php(269): Illuminate\Foundation\Application->resolve('App\\Http\\Kernel', Array, false)
#4 /home2/u9ak0fjx/public_html/vendor/laravel/framework/src/Illuminate/Container/Container.php(805): Illuminate\Container\Container->Illuminate\Container\{closure}(Object(Illum in /home2/u9ak0fjx/public_html/vendor/laravel/framework/src/Illuminate/Container/Container.php on line 811
[08-Mar-2022 01:09:30 America/Chicago] PHP Warning:  include(/home2/u9ak0fjx/public_html/vendor/composer/../../app/Http/Kernel.php): failed to open stream: No such file or directory in /home2/u9ak0fjx/public_html/vendor/composer/ClassLoader.php on line 444
[08-Mar-2022 01:09:30 America/Chicago] PHP Warning:  include(/home2/u9ak0fjx/public_html/vendor/composer/../../app/Http/Kernel.php): failed to open stream: No such file or directory in /home2/u9ak0fjx/public_html/vendor/composer/ClassLoader.php on line 444
[08-Mar-2022 01:09:30 America/Chicago] PHP Warning:  include(): Failed opening '/home2/u9ak0fjx/public_html/vendor/composer/../../app/Http/Kernel.php' for inclusion (include_path='.:/opt/cpanel/ea-php74/root/usr/share/pear') in /home2/u9ak0fjx/public_html/vendor/composer/ClassLoader.php on line 444
[08-Mar-2022 01:09:30 America/Chicago] PHP Fatal error:  Uncaught ReflectionException: Class App\Http\Kernel does not exist in /home2/u9ak0fjx/public_html/vendor/laravel/framework/src/Illuminate/Container/Container.php:809
Stack trace:
#0 /home2/u9ak0fjx/public_html/vendor/laravel/framework/src/Illuminate/Container/Container.php(809): ReflectionClass->__construct('App\\Http\\Kernel')
#1 /home2/u9ak0fjx/public_html/vendor/laravel/framework/src/Illuminate/Container/Container.php(691): Illuminate\Container\Container->build('App\\Http\\Kernel')
#2 /home2/u9ak0fjx/public_html/vendor/laravel/framework/src/Illuminate/Foundation/Application.php(796): Illuminate\Container\Container->resolve('App\\Http\\Kernel', Array, false)
#3 /home2/u9ak0fjx/public_html/vendor/laravel/framework/src/Illuminate/Container/Container.php(269): Illuminate\Foundation\Application->resolve('App\\Http\\Kernel', Array, false)
#4 /home2/u9ak0fjx/public_html/vendor/laravel/framework/src/Illuminate/Container/Container.php(805): Illuminate\Container\Container->Illuminate\Container\{closure}(Object(Illum in /home2/u9ak0fjx/public_html/vendor/laravel/framework/src/Illuminate/Container/Container.php on line 811
[08-Mar-2022 01:10:21 America/Chicago] PHP Warning:  include(/home2/u9ak0fjx/public_html/vendor/composer/../../app/Http/Kernel.php): failed to open stream: No such file or directory in /home2/u9ak0fjx/public_html/vendor/composer/ClassLoader.php on line 444
[08-Mar-2022 01:10:21 America/Chicago] PHP Warning:  include(/home2/u9ak0fjx/public_html/vendor/composer/../../app/Http/Kernel.php): failed to open stream: No such file or directory in /home2/u9ak0fjx/public_html/vendor/composer/ClassLoader.php on line 444
[08-Mar-2022 01:10:21 America/Chicago] PHP Warning:  include(): Failed opening '/home2/u9ak0fjx/public_html/vendor/composer/../../app/Http/Kernel.php' for inclusion (include_path='.:/opt/cpanel/ea-php74/root/usr/share/pear') in /home2/u9ak0fjx/public_html/vendor/composer/ClassLoader.php on line 444
[08-Mar-2022 01:10:21 America/Chicago] PHP Fatal error:  Uncaught ReflectionException: Class App\Http\Kernel does not exist in /home2/u9ak0fjx/public_html/vendor/laravel/framework/src/Illuminate/Container/Container.php:809
Stack trace:
#0 /home2/u9ak0fjx/public_html/vendor/laravel/framework/src/Illuminate/Container/Container.php(809): ReflectionClass->__construct('App\\Http\\Kernel')
#1 /home2/u9ak0fjx/public_html/vendor/laravel/framework/src/Illuminate/Container/Container.php(691): Illuminate\Container\Container->build('App\\Http\\Kernel')
#2 /home2/u9ak0fjx/public_html/vendor/laravel/framework/src/Illuminate/Foundation/Application.php(796): Illuminate\Container\Container->resolve('App\\Http\\Kernel', Array, false)
#3 /home2/u9ak0fjx/public_html/vendor/laravel/framework/src/Illuminate/Container/Container.php(269): Illuminate\Foundation\Application->resolve('App\\Http\\Kernel', Array, false)
#4 /home2/u9ak0fjx/public_html/vendor/laravel/framework/src/Illuminate/Container/Container.php(805): Illuminate\Container\Container->Illuminate\Container\{closure}(Object(Illum in /home2/u9ak0fjx/public_html/vendor/laravel/framework/src/Illuminate/Container/Container.php on line 811
[08-Mar-2022 01:21:55 America/Chicago] PHP Warning:  include(/home2/u9ak0fjx/public_html/vendor/composer/../../app/Http/Kernel.php): failed to open stream: No such file or directory in /home2/u9ak0fjx/public_html/vendor/composer/ClassLoader.php on line 444
[08-Mar-2022 01:21:55 America/Chicago] PHP Warning:  include(/home2/u9ak0fjx/public_html/vendor/composer/../../app/Http/Kernel.php): failed to open stream: No such file or directory in /home2/u9ak0fjx/public_html/vendor/composer/ClassLoader.php on line 444
[08-Mar-2022 01:21:55 America/Chicago] PHP Warning:  include(): Failed opening '/home2/u9ak0fjx/public_html/vendor/composer/../../app/Http/Kernel.php' for inclusion (include_path='.:/opt/cpanel/ea-php74/root/usr/share/pear') in /home2/u9ak0fjx/public_html/vendor/composer/ClassLoader.php on line 444
[08-Mar-2022 01:21:55 America/Chicago] PHP Fatal error:  Uncaught ReflectionException: Class App\Http\Kernel does not exist in /home2/u9ak0fjx/public_html/vendor/laravel/framework/src/Illuminate/Container/Container.php:809
Stack trace:
#0 /home2/u9ak0fjx/public_html/vendor/laravel/framework/src/Illuminate/Container/Container.php(809): ReflectionClass->__construct('App\\Http\\Kernel')
#1 /home2/u9ak0fjx/public_html/vendor/laravel/framework/src/Illuminate/Container/Container.php(691): Illuminate\Container\Container->build('App\\Http\\Kernel')
#2 /home2/u9ak0fjx/public_html/vendor/laravel/framework/src/Illuminate/Foundation/Application.php(796): Illuminate\Container\Container->resolve('App\\Http\\Kernel', Array, false)
#3 /home2/u9ak0fjx/public_html/vendor/laravel/framework/src/Illuminate/Container/Container.php(269): Illuminate\Foundation\Application->resolve('App\\Http\\Kernel', Array, false)
#4 /home2/u9ak0fjx/public_html/vendor/laravel/framework/src/Illuminate/Container/Container.php(805): Illuminate\Container\Container->Illuminate\Container\{closure}(Object(Illum in /home2/u9ak0fjx/public_html/vendor/laravel/framework/src/Illuminate/Container/Container.php on line 811
[08-Mar-2022 01:22:01 America/Chicago] PHP Warning:  include(/home2/u9ak0fjx/public_html/vendor/composer/../../app/Http/Kernel.php): failed to open stream: No such file or directory in /home2/u9ak0fjx/public_html/vendor/composer/ClassLoader.php on line 444
[08-Mar-2022 01:22:01 America/Chicago] PHP Warning:  include(/home2/u9ak0fjx/public_html/vendor/composer/../../app/Http/Kernel.php): failed to open stream: No such file or directory in /home2/u9ak0fjx/public_html/vendor/composer/ClassLoader.php on line 444
[08-Mar-2022 01:22:01 America/Chicago] PHP Warning:  include(): Failed opening '/home2/u9ak0fjx/public_html/vendor/composer/../../app/Http/Kernel.php' for inclusion (include_path='.:/opt/cpanel/ea-php74/root/usr/share/pear') in /home2/u9ak0fjx/public_html/vendor/composer/ClassLoader.php on line 444
[08-Mar-2022 01:22:01 America/Chicago] PHP Fatal error:  Uncaught ReflectionException: Class App\Http\Kernel does not exist in /home2/u9ak0fjx/public_html/vendor/laravel/framework/src/Illuminate/Container/Container.php:809
Stack trace:
#0 /home2/u9ak0fjx/public_html/vendor/laravel/framework/src/Illuminate/Container/Container.php(809): ReflectionClass->__construct('App\\Http\\Kernel')
#1 /home2/u9ak0fjx/public_html/vendor/laravel/framework/src/Illuminate/Container/Container.php(691): Illuminate\Container\Container->build('App\\Http\\Kernel')
#2 /home2/u9ak0fjx/public_html/vendor/laravel/framework/src/Illuminate/Foundation/Application.php(796): Illuminate\Container\Container->resolve('App\\Http\\Kernel', Array, false)
#3 /home2/u9ak0fjx/public_html/vendor/laravel/framework/src/Illuminate/Container/Container.php(269): Illuminate\Foundation\Application->resolve('App\\Http\\Kernel', Array, false)
#4 /home2/u9ak0fjx/public_html/vendor/laravel/framework/src/Illuminate/Container/Container.php(805): Illuminate\Container\Container->Illuminate\Container\{closure}(Object(Illum in /home2/u9ak0fjx/public_html/vendor/laravel/framework/src/Illuminate/Container/Container.php on line 811
[18-Jul-2022 16:30:58 UTC] PHP Fatal error:  Cannot use DB as DB because the name is already in use in /home2/u9ak0fjx/public_html/app/Http/Controllers/Auth/UserLoginController.php on line 18
[18-Jul-2022 17:03:41 UTC] PHP Fatal error:  Namespace declaration statement has to be the very first statement or after any declare call in the script in /home2/u9ak0fjx/public_html/app/User_Token.php on line 4
[18-Jul-2022 17:05:31 UTC] PHP Fatal error:  Namespace declaration statement has to be the very first statement or after any declare call in the script in /home2/u9ak0fjx/public_html/app/User_Tokens.php on line 4
[18-Jul-2022 17:09:19 UTC] PHP Fatal error:  Namespace declaration statement has to be the very first statement or after any declare call in the script in /home2/u9ak0fjx/public_html/app/UserTokens.php on line 4
[18-Jul-2022 17:09:35 UTC] PHP Fatal error:  Namespace declaration statement has to be the very first statement or after any declare call in the script in /home2/u9ak0fjx/public_html/app/UserTokens.php on line 4
